\BOOKMARK [0][-]{chapter.1}{ 1: Introduction}{}% 1
\BOOKMARK [1][-]{section.1.1}{Understanding species distribution in a changing climate}{chapter.1}% 2
\BOOKMARK [2][-]{subsection.1.1.1}{Climate as driver of species distributions}{section.1.1}% 3
\BOOKMARK [2][-]{subsection.1.1.2}{The niche concept}{section.1.1}% 4
\BOOKMARK [2][-]{subsection.1.1.3}{Species niche and community assembly}{section.1.1}% 5
\BOOKMARK [1][-]{section.1.2}{Predicting species distribution}{chapter.1}% 6
\BOOKMARK [2][-]{subsection.1.2.1}{Species distribution modelling}{section.1.2}% 7
\BOOKMARK [2][-]{subsection.1.2.2}{Environmental niche characterization}{section.1.2}% 8
\BOOKMARK [1][-]{section.1.3}{Thesis aims and scope}{chapter.1}% 9
\BOOKMARK [2][-]{subsection.1.3.1}{Setting the scene: the impact of extreme events}{section.1.3}% 10
\BOOKMARK [2][-]{subsection.1.3.2}{Objectives}{section.1.3}% 11
\BOOKMARK [0][-]{chapter.2}{ 2: Population climatic suitability and extreme drought responses}{}% 12
\BOOKMARK [1][-]{section.2.1}{Introduction}{chapter.2}% 13
\BOOKMARK [1][-]{section.2.2}{Material and methods}{chapter.2}% 14
\BOOKMARK [1][-]{section.2.3}{Results}{chapter.2}% 15
\BOOKMARK [1][-]{section.2.4}{Discussion}{chapter.2}% 16
\BOOKMARK [0][-]{chapter.3}{ 3: Temporal variability is key to model the climatic niche}{}% 17
\BOOKMARK [1][-]{section.3.1}{Introduction}{chapter.3}% 18
\BOOKMARK [1][-]{section.3.2}{Material and methods}{chapter.3}% 19
\BOOKMARK [1][-]{section.3.3}{Results}{chapter.3}% 20
\BOOKMARK [1][-]{section.3.4}{Discussion}{chapter.3}% 21
\BOOKMARK [0][-]{chapter.4}{ 4: Niche distance as predictor of responses to extreme climatic events}{}% 22
\BOOKMARK [1][-]{section.4.1}{Introduction}{chapter.4}% 23
\BOOKMARK [1][-]{section.4.2}{Material and methods}{chapter.4}% 24
\BOOKMARK [1][-]{section.4.3}{Results}{chapter.4}% 25
\BOOKMARK [1][-]{section.4.4}{Discussion}{chapter.4}% 26
\BOOKMARK [0][-]{chapter.5}{ 5: Climatic disequilibrium reduction in dryland communities}{}% 27
\BOOKMARK [1][-]{section.5.1}{Introduction}{chapter.5}% 28
\BOOKMARK [1][-]{section.5.2}{Material and methods}{chapter.5}% 29
\BOOKMARK [1][-]{section.5.3}{Results}{chapter.5}% 30
\BOOKMARK [1][-]{section.5.4}{Discussion}{chapter.5}% 31
\BOOKMARK [0][-]{chapter.6}{ 6: General discussion and conclusions}{}% 32
\BOOKMARK [1][-]{section.6.1}{Climatic suitability derived from SDMs as a proxy to explain species decay}{chapter.6}% 33
\BOOKMARK [1][-]{section.6.2}{Alternatives to overcome SDMs limitations when estimating species performance under extreme climatic conditions}{chapter.6}% 34
\BOOKMARK [1][-]{section.6.3}{Extreme climate episodes' impact on community climatic disequilibrium}{chapter.6}% 35
\BOOKMARK [1][-]{section.6.4}{Local variables relevance on species decay. The case of bedrock and soil.}{chapter.6}% 36
\BOOKMARK [1][-]{section.6.5}{Conclusions}{chapter.6}% 37
\BOOKMARK [0][-]{appendix.A}{Appendix A: Appendix Chapter 2}{}% 38
\BOOKMARK [0][-]{appendix.B}{Appendix B: Appendix Chapter 3}{}% 39
\BOOKMARK [0][-]{appendix.C}{Appendix C: Appendix Chapter 4}{}% 40
\BOOKMARK [0][-]{appendix.D}{Appendix D: Appendix Chapter 5}{}% 41
\BOOKMARK [0][-]{appendix*.118}{Acronyms}{}% 42
\BOOKMARK [0][-]{appendix*.119}{References}{}% 43
